2023-07-30 17:10:27.464  INFO 40380 --- [main] com.CRM.Backend.CrmApplicationTests      : Starting CrmApplicationTests using Java 20.0.2 on chedi-HP-15-Notebook-PC with PID 40380 (started by chedi in /home/chedi/Downloads/Backend-CRM-MS-ticket)
2023-07-30 17:10:27.466  INFO 40380 --- [main] com.CRM.Backend.CrmApplicationTests      : No active profile set, falling back to 1 default profile: "default"
2023-07-30 17:10:30.526  INFO 40380 --- [main] .s.d.r.c.RepositoryConfigurationDelegate : Bootstrapping Spring Data JPA repositories in DEFAULT mode.
2023-07-30 17:10:30.829  INFO 40380 --- [main] .s.d.r.c.RepositoryConfigurationDelegate : Finished Spring Data repository scanning in 255 ms. Found 1 JPA repository interfaces.
2023-07-30 17:10:32.809  INFO 40380 --- [main] o.hibernate.jpa.internal.util.LogHelper  : HHH000204: Processing PersistenceUnitInfo [name: default]
2023-07-30 17:10:32.916  INFO 40380 --- [main] org.hibernate.Version                    : HHH000412: Hibernate ORM core version 5.6.14.Final
2023-07-30 17:10:33.290  INFO 40380 --- [main] o.hibernate.annotations.common.Version   : HCANN000001: Hibernate Commons Annotations {5.1.2.Final}
2023-07-30 17:10:33.537  INFO 40380 --- [main] com.zaxxer.hikari.HikariDataSource       : HikariPool-1 - Starting...
2023-07-30 17:10:35.064  INFO 40380 --- [main] com.zaxxer.hikari.HikariDataSource       : HikariPool-1 - Start completed.
2023-07-30 17:10:35.146  INFO 40380 --- [main] org.hibernate.dialect.Dialect            : HHH000400: Using dialect: org.hibernate.dialect.PostgreSQLDialect
2023-07-30 17:10:37.594  INFO 40380 --- [main] o.h.e.t.j.p.i.JtaPlatformInitiator       : HHH000490: Using JtaPlatform implementation: [org.hibernate.engine.transaction.jta.platform.internal.NoJtaPlatform]
2023-07-30 17:10:37.611  INFO 40380 --- [main] j.LocalContainerEntityManagerFactoryBean : Initialized JPA EntityManagerFactory for persistence unit 'default'
2023-07-30 17:10:38.456  INFO 40380 --- [main] c.c.socketio.SocketIOServer              : Session store / pubsub factory used: MemoryStoreFactory (local session store only)
2023-07-30 17:10:38.723  INFO 40380 --- [nioEventLoopGroup-2-1] c.c.socketio.SocketIOServer              : SocketIO server started at port: 8888
2023-07-30 17:10:39.321  WARN 40380 --- [main] JpaBaseConfiguration$JpaWebConfiguration : spring.jpa.open-in-view is enabled by default. Therefore, database queries may be performed during view rendering. Explicitly configure spring.jpa.open-in-view to disable this warning
2023-07-30 17:10:41.208  INFO 40380 --- [main] com.CRM.Backend.CrmApplicationTests      : Started CrmApplicationTests in 14.289 seconds (JVM running for 17.332)
2023-07-30 17:10:41.602  INFO 40380 --- [SpringApplicationShutdownHook] j.LocalContainerEntityManagerFactoryBean : Closing JPA EntityManagerFactory for persistence unit 'default'
2023-07-30 17:10:41.605  INFO 40380 --- [SpringApplicationShutdownHook] com.zaxxer.hikari.HikariDataSource       : HikariPool-1 - Shutdown initiated...
2023-07-30 17:10:41.644  INFO 40380 --- [SpringApplicationShutdownHook] com.zaxxer.hikari.HikariDataSource       : HikariPool-1 - Shutdown completed.
2023-07-30 17:11:04.799  INFO 40548 --- [restartedMain] com.CRM.Backend.CrmApplication           : Starting CrmApplication using Java 20.0.2 on chedi-HP-15-Notebook-PC with PID 40548 (/home/chedi/Downloads/Backend-CRM-MS-ticket/target/classes started by chedi in /home/chedi/Downloads/Backend-CRM-MS-ticket)
2023-07-30 17:11:04.801  INFO 40548 --- [restartedMain] com.CRM.Backend.CrmApplication           : No active profile set, falling back to 1 default profile: "default"
2023-07-30 17:11:04.967  INFO 40548 --- [restartedMain] .e.DevToolsPropertyDefaultsPostProcessor : Devtools property defaults active! Set 'spring.devtools.add-properties' to 'false' to disable
2023-07-30 17:11:04.969  INFO 40548 --- [restartedMain] .e.DevToolsPropertyDefaultsPostProcessor : For additional web related logging consider setting the 'logging.level.web' property to 'DEBUG'
2023-07-30 17:11:06.055  INFO 40548 --- [restartedMain] .s.d.r.c.RepositoryConfigurationDelegate : Bootstrapping Spring Data JPA repositories in DEFAULT mode.
2023-07-30 17:11:06.099  INFO 40548 --- [restartedMain] .s.d.r.c.RepositoryConfigurationDelegate : Finished Spring Data repository scanning in 36 ms. Found 1 JPA repository interfaces.
2023-07-30 17:11:06.856  INFO 40548 --- [restartedMain] o.s.b.w.embedded.tomcat.TomcatWebServer  : Tomcat initialized with port(s): 9998 (http)
2023-07-30 17:11:06.869  INFO 40548 --- [restartedMain] o.apache.catalina.core.StandardService   : Starting service [Tomcat]
2023-07-30 17:11:06.869  INFO 40548 --- [restartedMain] org.apache.catalina.core.StandardEngine  : Starting Servlet engine: [Apache Tomcat/9.0.71]
2023-07-30 17:11:06.949  INFO 40548 --- [restartedMain] o.a.c.c.C.[.[localhost].[/BackendCRM]    : Initializing Spring embedded WebApplicationContext
2023-07-30 17:11:06.949  INFO 40548 --- [restartedMain] w.s.c.ServletWebServerApplicationContext : Root WebApplicationContext: initialization completed in 1979 ms
2023-07-30 17:11:07.209  INFO 40548 --- [restartedMain] o.hibernate.jpa.internal.util.LogHelper  : HHH000204: Processing PersistenceUnitInfo [name: default]
2023-07-30 17:11:07.258  INFO 40548 --- [restartedMain] org.hibernate.Version                    : HHH000412: Hibernate ORM core version 5.6.14.Final
2023-07-30 17:11:07.452  INFO 40548 --- [restartedMain] o.hibernate.annotations.common.Version   : HCANN000001: Hibernate Commons Annotations {5.1.2.Final}
2023-07-30 17:11:07.540  INFO 40548 --- [restartedMain] com.zaxxer.hikari.HikariDataSource       : HikariPool-1 - Starting...
2023-07-30 17:11:07.875  INFO 40548 --- [restartedMain] com.zaxxer.hikari.HikariDataSource       : HikariPool-1 - Start completed.
2023-07-30 17:11:07.889  INFO 40548 --- [restartedMain] org.hibernate.dialect.Dialect            : HHH000400: Using dialect: org.hibernate.dialect.PostgreSQLDialect
2023-07-30 17:11:08.591  INFO 40548 --- [restartedMain] o.h.e.t.j.p.i.JtaPlatformInitiator       : HHH000490: Using JtaPlatform implementation: [org.hibernate.engine.transaction.jta.platform.internal.NoJtaPlatform]
2023-07-30 17:11:08.597  INFO 40548 --- [restartedMain] j.LocalContainerEntityManagerFactoryBean : Initialized JPA EntityManagerFactory for persistence unit 'default'
2023-07-30 17:11:08.959  INFO 40548 --- [restartedMain] c.c.socketio.SocketIOServer              : Session store / pubsub factory used: MemoryStoreFactory (local session store only)
2023-07-30 17:11:09.075  INFO 40548 --- [nioEventLoopGroup-2-1] c.c.socketio.SocketIOServer              : SocketIO server started at port: 8888
2023-07-30 17:11:09.385  WARN 40548 --- [restartedMain] JpaBaseConfiguration$JpaWebConfiguration : spring.jpa.open-in-view is enabled by default. Therefore, database queries may be performed during view rendering. Explicitly configure spring.jpa.open-in-view to disable this warning
2023-07-30 17:11:09.700  INFO 40548 --- [restartedMain] o.s.b.d.a.OptionalLiveReloadServer       : LiveReload server is running on port 35729
2023-07-30 17:11:09.872  WARN 40548 --- [restartedMain] .s.s.UserDetailsServiceAutoConfiguration : 

Using generated security password: ad033564-b506-4d6d-9d7b-5f368942e095

This generated password is for development use only. Your security configuration must be updated before running your application in production.

2023-07-30 17:11:10.046  INFO 40548 --- [restartedMain] o.s.s.web.DefaultSecurityFilterChain     : Will secure any request with [org.springframework.security.web.session.DisableEncodeUrlFilter@13889993, org.springframework.security.web.context.request.async.WebAsyncManagerIntegrationFilter@17128824, org.springframework.security.web.context.SecurityContextPersistenceFilter@9bccb47, org.springframework.security.web.header.HeaderWriterFilter@ab71fb6, org.springframework.security.web.csrf.CsrfFilter@498f7eb, org.springframework.security.web.authentication.logout.LogoutFilter@3cb9981c, org.springframework.security.web.authentication.UsernamePasswordAuthenticationFilter@4fd433df, org.springframework.security.web.authentication.ui.DefaultLoginPageGeneratingFilter@29acf0e9, org.springframework.security.web.authentication.ui.DefaultLogoutPageGeneratingFilter@41e331e, org.springframework.security.web.authentication.www.BasicAuthenticationFilter@6b055cb, org.springframework.security.web.savedrequest.RequestCacheAwareFilter@6e05cce4, org.springframework.security.web.servletapi.SecurityContextHolderAwareRequestFilter@3a293f71, org.springframework.security.web.authentication.AnonymousAuthenticationFilter@34fa039a, org.springframework.security.web.session.SessionManagementFilter@4f213c36, org.springframework.security.web.access.ExceptionTranslationFilter@2f2581f5, org.springframework.security.web.access.intercept.FilterSecurityInterceptor@38a339f1]
2023-07-30 17:11:10.122  INFO 40548 --- [restartedMain] o.s.b.w.embedded.tomcat.TomcatWebServer  : Tomcat started on port(s): 9998 (http) with context path '/BackendCRM'
2023-07-30 17:11:10.491  INFO 40548 --- [restartedMain] com.CRM.Backend.CrmApplication           : Started CrmApplication in 6.479 seconds (JVM running for 8.181)
2023-07-30 17:13:27.178  INFO 40548 --- [SpringApplicationShutdownHook] j.LocalContainerEntityManagerFactoryBean : Closing JPA EntityManagerFactory for persistence unit 'default'
2023-07-30 17:13:27.187  INFO 40548 --- [SpringApplicationShutdownHook] com.zaxxer.hikari.HikariDataSource       : HikariPool-1 - Shutdown initiated...
2023-07-30 17:13:27.225  INFO 40548 --- [SpringApplicationShutdownHook] com.zaxxer.hikari.HikariDataSource       : HikariPool-1 - Shutdown completed.
2023-07-30 17:13:36.005  INFO 40877 --- [restartedMain] com.CRM.Backend.CrmApplication           : Starting CrmApplication using Java 20.0.2 on chedi-HP-15-Notebook-PC with PID 40877 (/home/chedi/Downloads/Backend-CRM-MS-ticket/target/classes started by chedi in /home/chedi/Downloads/Backend-CRM-MS-ticket)
2023-07-30 17:13:36.008  INFO 40877 --- [restartedMain] com.CRM.Backend.CrmApplication           : No active profile set, falling back to 1 default profile: "default"
2023-07-30 17:13:36.316  INFO 40877 --- [restartedMain] .e.DevToolsPropertyDefaultsPostProcessor : Devtools property defaults active! Set 'spring.devtools.add-properties' to 'false' to disable
2023-07-30 17:13:36.317  INFO 40877 --- [restartedMain] .e.DevToolsPropertyDefaultsPostProcessor : For additional web related logging consider setting the 'logging.level.web' property to 'DEBUG'
2023-07-30 17:13:38.577  INFO 40877 --- [restartedMain] .s.d.r.c.RepositoryConfigurationDelegate : Bootstrapping Spring Data JPA repositories in DEFAULT mode.
2023-07-30 17:13:38.693  INFO 40877 --- [restartedMain] .s.d.r.c.RepositoryConfigurationDelegate : Finished Spring Data repository scanning in 98 ms. Found 1 JPA repository interfaces.
2023-07-30 17:13:40.090  INFO 40877 --- [restartedMain] o.s.b.w.embedded.tomcat.TomcatWebServer  : Tomcat initialized with port(s): 9998 (http)
2023-07-30 17:13:40.099  INFO 40877 --- [restartedMain] o.apache.catalina.core.StandardService   : Starting service [Tomcat]
2023-07-30 17:13:40.099  INFO 40877 --- [restartedMain] org.apache.catalina.core.StandardEngine  : Starting Servlet engine: [Apache Tomcat/9.0.71]
2023-07-30 17:13:40.166  INFO 40877 --- [restartedMain] o.a.c.c.C.[.[localhost].[/BackendCRM]    : Initializing Spring embedded WebApplicationContext
2023-07-30 17:13:40.166  INFO 40877 --- [restartedMain] w.s.c.ServletWebServerApplicationContext : Root WebApplicationContext: initialization completed in 3848 ms
2023-07-30 17:13:40.437  INFO 40877 --- [restartedMain] o.hibernate.jpa.internal.util.LogHelper  : HHH000204: Processing PersistenceUnitInfo [name: default]
2023-07-30 17:13:40.496  INFO 40877 --- [restartedMain] org.hibernate.Version                    : HHH000412: Hibernate ORM core version 5.6.14.Final
2023-07-30 17:13:40.684  INFO 40877 --- [restartedMain] o.hibernate.annotations.common.Version   : HCANN000001: Hibernate Commons Annotations {5.1.2.Final}
2023-07-30 17:13:40.789  INFO 40877 --- [restartedMain] com.zaxxer.hikari.HikariDataSource       : HikariPool-1 - Starting...
2023-07-30 17:13:41.215  INFO 40877 --- [restartedMain] com.zaxxer.hikari.HikariDataSource       : HikariPool-1 - Start completed.
2023-07-30 17:13:41.236  INFO 40877 --- [restartedMain] org.hibernate.dialect.Dialect            : HHH000400: Using dialect: org.hibernate.dialect.PostgreSQLDialect
2023-07-30 17:13:41.959  INFO 40877 --- [restartedMain] o.h.e.t.j.p.i.JtaPlatformInitiator       : HHH000490: Using JtaPlatform implementation: [org.hibernate.engine.transaction.jta.platform.internal.NoJtaPlatform]
2023-07-30 17:13:41.965  INFO 40877 --- [restartedMain] j.LocalContainerEntityManagerFactoryBean : Initialized JPA EntityManagerFactory for persistence unit 'default'
2023-07-30 17:13:42.278  WARN 40877 --- [restartedMain] ConfigServletWebServerApplicationContext : Exception encountered during context initialization - cancelling refresh attempt: org.springframework.beans.factory.UnsatisfiedDependencyException: Error creating bean with name 'ticketController': Unsatisfied dependency expressed through field 'server'; nested exception is org.springframework.beans.factory.NoSuchBeanDefinitionException: No qualifying bean of type 'com.corundumstudio.socketio.SocketIOServer' available: expected at least 1 bean which qualifies as autowire candidate. Dependency annotations: {@org.springframework.beans.factory.annotation.Autowired(required=true)}
2023-07-30 17:13:42.278  INFO 40877 --- [restartedMain] j.LocalContainerEntityManagerFactoryBean : Closing JPA EntityManagerFactory for persistence unit 'default'
2023-07-30 17:13:42.281  INFO 40877 --- [restartedMain] com.zaxxer.hikari.HikariDataSource       : HikariPool-1 - Shutdown initiated...
2023-07-30 17:13:42.299  INFO 40877 --- [restartedMain] com.zaxxer.hikari.HikariDataSource       : HikariPool-1 - Shutdown completed.
2023-07-30 17:13:42.302  INFO 40877 --- [restartedMain] o.apache.catalina.core.StandardService   : Stopping service [Tomcat]
2023-07-30 17:13:42.320  INFO 40877 --- [restartedMain] ConditionEvaluationReportLoggingListener : 

Error starting ApplicationContext. To display the conditions report re-run your application with 'debug' enabled.
2023-07-30 17:13:42.344 ERROR 40877 --- [restartedMain] o.s.b.d.LoggingFailureAnalysisReporter   : 

***************************
APPLICATION FAILED TO START
***************************

Description:

Field server in com.CRM.Backend.controllers.ticketController required a bean of type 'com.corundumstudio.socketio.SocketIOServer' that could not be found.

The injection point has the following annotations:
	- @org.springframework.beans.factory.annotation.Autowired(required=true)


Action:

Consider defining a bean of type 'com.corundumstudio.socketio.SocketIOServer' in your configuration.

2023-07-30 17:15:04.434  INFO 41193 --- [restartedMain] com.CRM.Backend.CrmApplication           : Starting CrmApplication using Java 20.0.2 on chedi-HP-15-Notebook-PC with PID 41193 (/home/chedi/Downloads/Backend-CRM-MS-ticket/target/classes started by chedi in /home/chedi/Downloads/Backend-CRM-MS-ticket)
2023-07-30 17:15:04.439  INFO 41193 --- [restartedMain] com.CRM.Backend.CrmApplication           : No active profile set, falling back to 1 default profile: "default"
2023-07-30 17:15:04.573  INFO 41193 --- [restartedMain] .e.DevToolsPropertyDefaultsPostProcessor : Devtools property defaults active! Set 'spring.devtools.add-properties' to 'false' to disable
2023-07-30 17:15:04.573  INFO 41193 --- [restartedMain] .e.DevToolsPropertyDefaultsPostProcessor : For additional web related logging consider setting the 'logging.level.web' property to 'DEBUG'
2023-07-30 17:15:05.903  INFO 41193 --- [restartedMain] .s.d.r.c.RepositoryConfigurationDelegate : Bootstrapping Spring Data JPA repositories in DEFAULT mode.
2023-07-30 17:15:05.971  INFO 41193 --- [restartedMain] .s.d.r.c.RepositoryConfigurationDelegate : Finished Spring Data repository scanning in 45 ms. Found 1 JPA repository interfaces.
2023-07-30 17:15:06.693  INFO 41193 --- [restartedMain] o.s.b.w.embedded.tomcat.TomcatWebServer  : Tomcat initialized with port(s): 9998 (http)
2023-07-30 17:15:06.702  INFO 41193 --- [restartedMain] o.apache.catalina.core.StandardService   : Starting service [Tomcat]
2023-07-30 17:15:06.702  INFO 41193 --- [restartedMain] org.apache.catalina.core.StandardEngine  : Starting Servlet engine: [Apache Tomcat/9.0.71]
2023-07-30 17:15:06.764  INFO 41193 --- [restartedMain] o.a.c.c.C.[.[localhost].[/BackendCRM]    : Initializing Spring embedded WebApplicationContext
2023-07-30 17:15:06.765  INFO 41193 --- [restartedMain] w.s.c.ServletWebServerApplicationContext : Root WebApplicationContext: initialization completed in 2191 ms
2023-07-30 17:15:07.010  INFO 41193 --- [restartedMain] o.hibernate.jpa.internal.util.LogHelper  : HHH000204: Processing PersistenceUnitInfo [name: default]
2023-07-30 17:15:07.053  INFO 41193 --- [restartedMain] org.hibernate.Version                    : HHH000412: Hibernate ORM core version 5.6.14.Final
2023-07-30 17:15:07.192  INFO 41193 --- [restartedMain] o.hibernate.annotations.common.Version   : HCANN000001: Hibernate Commons Annotations {5.1.2.Final}
2023-07-30 17:15:07.289  INFO 41193 --- [restartedMain] com.zaxxer.hikari.HikariDataSource       : HikariPool-1 - Starting...
2023-07-30 17:15:07.649  INFO 41193 --- [restartedMain] com.zaxxer.hikari.HikariDataSource       : HikariPool-1 - Start completed.
2023-07-30 17:15:07.666  INFO 41193 --- [restartedMain] org.hibernate.dialect.Dialect            : HHH000400: Using dialect: org.hibernate.dialect.PostgreSQLDialect
2023-07-30 17:15:08.390  INFO 41193 --- [restartedMain] o.h.e.t.j.p.i.JtaPlatformInitiator       : HHH000490: Using JtaPlatform implementation: [org.hibernate.engine.transaction.jta.platform.internal.NoJtaPlatform]
2023-07-30 17:15:08.398  INFO 41193 --- [restartedMain] j.LocalContainerEntityManagerFactoryBean : Initialized JPA EntityManagerFactory for persistence unit 'default'
2023-07-30 17:15:08.930  WARN 41193 --- [restartedMain] JpaBaseConfiguration$JpaWebConfiguration : spring.jpa.open-in-view is enabled by default. Therefore, database queries may be performed during view rendering. Explicitly configure spring.jpa.open-in-view to disable this warning
2023-07-30 17:15:09.291  INFO 41193 --- [restartedMain] o.s.b.d.a.OptionalLiveReloadServer       : LiveReload server is running on port 35729
2023-07-30 17:15:09.447  WARN 41193 --- [restartedMain] .s.s.UserDetailsServiceAutoConfiguration : 

Using generated security password: d02fd942-874e-4020-a627-0e7e7bf57976

This generated password is for development use only. Your security configuration must be updated before running your application in production.

2023-07-30 17:15:09.651  INFO 41193 --- [restartedMain] o.s.s.web.DefaultSecurityFilterChain     : Will secure any request with [org.springframework.security.web.session.DisableEncodeUrlFilter@62cec025, org.springframework.security.web.context.request.async.WebAsyncManagerIntegrationFilter@16416d1e, org.springframework.security.web.context.SecurityContextPersistenceFilter@18483a3a, org.springframework.security.web.header.HeaderWriterFilter@4510317b, org.springframework.security.web.csrf.CsrfFilter@54dbf92f, org.springframework.security.web.authentication.logout.LogoutFilter@5e50eeab, org.springframework.security.web.authentication.UsernamePasswordAuthenticationFilter@77403dff, org.springframework.security.web.authentication.ui.DefaultLoginPageGeneratingFilter@352307e1, org.springframework.security.web.authentication.ui.DefaultLogoutPageGeneratingFilter@de62c9a, org.springframework.security.web.authentication.www.BasicAuthenticationFilter@24aa0a28, org.springframework.security.web.savedrequest.RequestCacheAwareFilter@68c88fb4, org.springframework.security.web.servletapi.SecurityContextHolderAwareRequestFilter@11908db, org.springframework.security.web.authentication.AnonymousAuthenticationFilter@1638558a, org.springframework.security.web.session.SessionManagementFilter@4a0d8eec, org.springframework.security.web.access.ExceptionTranslationFilter@396c2fe8, org.springframework.security.web.access.intercept.FilterSecurityInterceptor@6e23a2b1]
2023-07-30 17:15:09.757  INFO 41193 --- [restartedMain] o.s.b.w.embedded.tomcat.TomcatWebServer  : Tomcat started on port(s): 9998 (http) with context path '/BackendCRM'
2023-07-30 17:15:10.133  INFO 41193 --- [restartedMain] com.CRM.Backend.CrmApplication           : Started CrmApplication in 7.167 seconds (JVM running for 10.159)
2023-07-30 17:18:02.869  INFO 41193 --- [SpringApplicationShutdownHook] j.LocalContainerEntityManagerFactoryBean : Closing JPA EntityManagerFactory for persistence unit 'default'
2023-07-30 17:18:02.873  INFO 41193 --- [SpringApplicationShutdownHook] com.zaxxer.hikari.HikariDataSource       : HikariPool-1 - Shutdown initiated...
2023-07-30 17:18:02.889  INFO 41193 --- [SpringApplicationShutdownHook] com.zaxxer.hikari.HikariDataSource       : HikariPool-1 - Shutdown completed.
2023-07-30 17:22:04.304  INFO 41615 --- [main] com.CRM.Backend.CrmApplicationTests      : Starting CrmApplicationTests using Java 20.0.2 on chedi-HP-15-Notebook-PC with PID 41615 (started by chedi in /home/chedi/Downloads/Backend-CRM-MS-ticket)
2023-07-30 17:22:04.316  INFO 41615 --- [main] com.CRM.Backend.CrmApplicationTests      : No active profile set, falling back to 1 default profile: "default"
2023-07-30 17:22:05.951  INFO 41615 --- [main] .s.d.r.c.RepositoryConfigurationDelegate : Bootstrapping Spring Data JPA repositories in DEFAULT mode.
2023-07-30 17:22:06.065  INFO 41615 --- [main] .s.d.r.c.RepositoryConfigurationDelegate : Finished Spring Data repository scanning in 86 ms. Found 1 JPA repository interfaces.
2023-07-30 17:22:08.277  INFO 41615 --- [main] o.hibernate.jpa.internal.util.LogHelper  : HHH000204: Processing PersistenceUnitInfo [name: default]
2023-07-30 17:22:08.353  INFO 41615 --- [main] org.hibernate.Version                    : HHH000412: Hibernate ORM core version 5.6.14.Final
2023-07-30 17:22:09.040  INFO 41615 --- [main] o.hibernate.annotations.common.Version   : HCANN000001: Hibernate Commons Annotations {5.1.2.Final}
2023-07-30 17:22:09.171  INFO 41615 --- [main] com.zaxxer.hikari.HikariDataSource       : HikariPool-1 - Starting...
2023-07-30 17:22:09.989  INFO 41615 --- [main] com.zaxxer.hikari.HikariDataSource       : HikariPool-1 - Start completed.
2023-07-30 17:22:10.018  INFO 41615 --- [main] org.hibernate.dialect.Dialect            : HHH000400: Using dialect: org.hibernate.dialect.PostgreSQLDialect
2023-07-30 17:22:11.243  INFO 41615 --- [main] o.h.e.t.j.p.i.JtaPlatformInitiator       : HHH000490: Using JtaPlatform implementation: [org.hibernate.engine.transaction.jta.platform.internal.NoJtaPlatform]
2023-07-30 17:22:11.260  INFO 41615 --- [main] j.LocalContainerEntityManagerFactoryBean : Initialized JPA EntityManagerFactory for persistence unit 'default'
2023-07-30 17:22:12.556  WARN 41615 --- [main] JpaBaseConfiguration$JpaWebConfiguration : spring.jpa.open-in-view is enabled by default. Therefore, database queries may be performed during view rendering. Explicitly configure spring.jpa.open-in-view to disable this warning
2023-07-30 17:22:15.111  INFO 41615 --- [main] com.CRM.Backend.CrmApplicationTests      : Started CrmApplicationTests in 11.448 seconds (JVM running for 13.075)
2023-07-30 17:22:15.605  INFO 41615 --- [SpringApplicationShutdownHook] j.LocalContainerEntityManagerFactoryBean : Closing JPA EntityManagerFactory for persistence unit 'default'
2023-07-30 17:22:15.608  INFO 41615 --- [SpringApplicationShutdownHook] com.zaxxer.hikari.HikariDataSource       : HikariPool-1 - Shutdown initiated...
2023-07-30 17:22:15.646  INFO 41615 --- [SpringApplicationShutdownHook] com.zaxxer.hikari.HikariDataSource       : HikariPool-1 - Shutdown completed.
2023-07-30 17:22:30.233  INFO 41746 --- [restartedMain] com.CRM.Backend.CrmApplication           : Starting CrmApplication using Java 20.0.2 on chedi-HP-15-Notebook-PC with PID 41746 (/home/chedi/Downloads/Backend-CRM-MS-ticket/target/classes started by chedi in /home/chedi/Downloads/Backend-CRM-MS-ticket)
2023-07-30 17:22:30.234  INFO 41746 --- [restartedMain] com.CRM.Backend.CrmApplication           : No active profile set, falling back to 1 default profile: "default"
2023-07-30 17:22:30.379  INFO 41746 --- [restartedMain] .e.DevToolsPropertyDefaultsPostProcessor : Devtools property defaults active! Set 'spring.devtools.add-properties' to 'false' to disable
2023-07-30 17:22:30.380  INFO 41746 --- [restartedMain] .e.DevToolsPropertyDefaultsPostProcessor : For additional web related logging consider setting the 'logging.level.web' property to 'DEBUG'
2023-07-30 17:22:31.368  INFO 41746 --- [restartedMain] .s.d.r.c.RepositoryConfigurationDelegate : Bootstrapping Spring Data JPA repositories in DEFAULT mode.
2023-07-30 17:22:31.415  INFO 41746 --- [restartedMain] .s.d.r.c.RepositoryConfigurationDelegate : Finished Spring Data repository scanning in 39 ms. Found 1 JPA repository interfaces.
2023-07-30 17:22:32.107  INFO 41746 --- [restartedMain] o.s.b.w.embedded.tomcat.TomcatWebServer  : Tomcat initialized with port(s): 9998 (http)
2023-07-30 17:22:32.117  INFO 41746 --- [restartedMain] o.apache.catalina.core.StandardService   : Starting service [Tomcat]
2023-07-30 17:22:32.117  INFO 41746 --- [restartedMain] org.apache.catalina.core.StandardEngine  : Starting Servlet engine: [Apache Tomcat/9.0.71]
2023-07-30 17:22:32.178  INFO 41746 --- [restartedMain] o.a.c.c.C.[.[localhost].[/BackendCRM]    : Initializing Spring embedded WebApplicationContext
2023-07-30 17:22:32.178  INFO 41746 --- [restartedMain] w.s.c.ServletWebServerApplicationContext : Root WebApplicationContext: initialization completed in 1797 ms
2023-07-30 17:22:32.400  INFO 41746 --- [restartedMain] o.hibernate.jpa.internal.util.LogHelper  : HHH000204: Processing PersistenceUnitInfo [name: default]
2023-07-30 17:22:32.440  INFO 41746 --- [restartedMain] org.hibernate.Version                    : HHH000412: Hibernate ORM core version 5.6.14.Final
2023-07-30 17:22:32.585  INFO 41746 --- [restartedMain] o.hibernate.annotations.common.Version   : HCANN000001: Hibernate Commons Annotations {5.1.2.Final}
2023-07-30 17:22:32.704  INFO 41746 --- [restartedMain] com.zaxxer.hikari.HikariDataSource       : HikariPool-1 - Starting...
2023-07-30 17:22:33.032  INFO 41746 --- [restartedMain] com.zaxxer.hikari.HikariDataSource       : HikariPool-1 - Start completed.
2023-07-30 17:22:33.046  INFO 41746 --- [restartedMain] org.hibernate.dialect.Dialect            : HHH000400: Using dialect: org.hibernate.dialect.PostgreSQLDialect
2023-07-30 17:22:33.747  INFO 41746 --- [restartedMain] o.h.e.t.j.p.i.JtaPlatformInitiator       : HHH000490: Using JtaPlatform implementation: [org.hibernate.engine.transaction.jta.platform.internal.NoJtaPlatform]
2023-07-30 17:22:33.753  INFO 41746 --- [restartedMain] j.LocalContainerEntityManagerFactoryBean : Initialized JPA EntityManagerFactory for persistence unit 'default'
2023-07-30 17:22:34.281  WARN 41746 --- [restartedMain] JpaBaseConfiguration$JpaWebConfiguration : spring.jpa.open-in-view is enabled by default. Therefore, database queries may be performed during view rendering. Explicitly configure spring.jpa.open-in-view to disable this warning
2023-07-30 17:22:34.618  INFO 41746 --- [restartedMain] o.s.b.d.a.OptionalLiveReloadServer       : LiveReload server is running on port 35729
2023-07-30 17:22:34.792  INFO 41746 --- [restartedMain] o.s.b.w.embedded.tomcat.TomcatWebServer  : Tomcat started on port(s): 9998 (http) with context path '/BackendCRM'
2023-07-30 17:22:35.176  INFO 41746 --- [restartedMain] com.CRM.Backend.CrmApplication           : Started CrmApplication in 5.615 seconds (JVM running for 7.332)
2023-07-30 17:55:51.309  INFO 41746 --- [SpringApplicationShutdownHook] j.LocalContainerEntityManagerFactoryBean : Closing JPA EntityManagerFactory for persistence unit 'default'
2023-07-30 17:55:51.315  INFO 41746 --- [SpringApplicationShutdownHook] com.zaxxer.hikari.HikariDataSource       : HikariPool-1 - Shutdown initiated...
2023-07-30 17:55:51.333  INFO 41746 --- [SpringApplicationShutdownHook] com.zaxxer.hikari.HikariDataSource       : HikariPool-1 - Shutdown completed.
2023-07-30 17:56:45.522  INFO 42774 --- [restartedMain] com.CRM.Backend.CrmApplication           : Starting CrmApplication using Java 20.0.2 on chedi-HP-15-Notebook-PC with PID 42774 (/home/chedi/Downloads/Backend-CRM-MS-ticket/target/classes started by chedi in /home/chedi/Downloads/Backend-CRM-MS-ticket)
2023-07-30 17:56:45.525  INFO 42774 --- [restartedMain] com.CRM.Backend.CrmApplication           : No active profile set, falling back to 1 default profile: "default"
2023-07-30 17:56:45.752  INFO 42774 --- [restartedMain] .e.DevToolsPropertyDefaultsPostProcessor : Devtools property defaults active! Set 'spring.devtools.add-properties' to 'false' to disable
2023-07-30 17:56:45.761  INFO 42774 --- [restartedMain] .e.DevToolsPropertyDefaultsPostProcessor : For additional web related logging consider setting the 'logging.level.web' property to 'DEBUG'
2023-07-30 17:56:47.070  INFO 42774 --- [restartedMain] .s.d.r.c.RepositoryConfigurationDelegate : Bootstrapping Spring Data JPA repositories in DEFAULT mode.
2023-07-30 17:56:47.122  INFO 42774 --- [restartedMain] .s.d.r.c.RepositoryConfigurationDelegate : Finished Spring Data repository scanning in 41 ms. Found 1 JPA repository interfaces.
2023-07-30 17:56:47.854  INFO 42774 --- [restartedMain] o.s.b.w.embedded.tomcat.TomcatWebServer  : Tomcat initialized with port(s): 9998 (http)
2023-07-30 17:56:47.864  INFO 42774 --- [restartedMain] o.apache.catalina.core.StandardService   : Starting service [Tomcat]
2023-07-30 17:56:47.864  INFO 42774 --- [restartedMain] org.apache.catalina.core.StandardEngine  : Starting Servlet engine: [Apache Tomcat/9.0.71]
2023-07-30 17:56:47.943  INFO 42774 --- [restartedMain] o.a.c.c.C.[.[localhost].[/BackendCRM]    : Initializing Spring embedded WebApplicationContext
2023-07-30 17:56:47.943  INFO 42774 --- [restartedMain] w.s.c.ServletWebServerApplicationContext : Root WebApplicationContext: initialization completed in 2177 ms
2023-07-30 17:56:48.219  INFO 42774 --- [restartedMain] o.hibernate.jpa.internal.util.LogHelper  : HHH000204: Processing PersistenceUnitInfo [name: default]
2023-07-30 17:56:48.287  INFO 42774 --- [restartedMain] org.hibernate.Version                    : HHH000412: Hibernate ORM core version 5.6.14.Final
2023-07-30 17:56:48.502  INFO 42774 --- [restartedMain] o.hibernate.annotations.common.Version   : HCANN000001: Hibernate Commons Annotations {5.1.2.Final}
2023-07-30 17:56:48.616  INFO 42774 --- [restartedMain] com.zaxxer.hikari.HikariDataSource       : HikariPool-1 - Starting...
2023-07-30 17:56:49.057  INFO 42774 --- [restartedMain] com.zaxxer.hikari.HikariDataSource       : HikariPool-1 - Start completed.
2023-07-30 17:56:49.079  INFO 42774 --- [restartedMain] org.hibernate.dialect.Dialect            : HHH000400: Using dialect: org.hibernate.dialect.PostgreSQLDialect
2023-07-30 17:56:49.897  INFO 42774 --- [restartedMain] o.h.e.t.j.p.i.JtaPlatformInitiator       : HHH000490: Using JtaPlatform implementation: [org.hibernate.engine.transaction.jta.platform.internal.NoJtaPlatform]
2023-07-30 17:56:49.905  INFO 42774 --- [restartedMain] j.LocalContainerEntityManagerFactoryBean : Initialized JPA EntityManagerFactory for persistence unit 'default'
2023-07-30 17:56:50.470  WARN 42774 --- [restartedMain] JpaBaseConfiguration$JpaWebConfiguration : spring.jpa.open-in-view is enabled by default. Therefore, database queries may be performed during view rendering. Explicitly configure spring.jpa.open-in-view to disable this warning
2023-07-30 17:56:50.799  INFO 42774 --- [restartedMain] o.s.b.d.a.OptionalLiveReloadServer       : LiveReload server is running on port 35729
2023-07-30 17:56:51.011  INFO 42774 --- [restartedMain] o.s.b.w.embedded.tomcat.TomcatWebServer  : Tomcat started on port(s): 9998 (http) with context path '/BackendCRM'
2023-07-30 17:56:51.361  INFO 42774 --- [restartedMain] com.CRM.Backend.CrmApplication           : Started CrmApplication in 6.644 seconds (JVM running for 8.208)
2023-07-30 17:58:49.128  INFO 42774 --- [SpringApplicationShutdownHook] j.LocalContainerEntityManagerFactoryBean : Closing JPA EntityManagerFactory for persistence unit 'default'
2023-07-30 17:58:49.133  INFO 42774 --- [SpringApplicationShutdownHook] com.zaxxer.hikari.HikariDataSource       : HikariPool-1 - Shutdown initiated...
2023-07-30 17:58:49.151  INFO 42774 --- [SpringApplicationShutdownHook] com.zaxxer.hikari.HikariDataSource       : HikariPool-1 - Shutdown completed.
2023-07-30 18:00:43.063  INFO 43111 --- [restartedMain] com.CRM.Backend.CrmApplication           : Starting CrmApplication using Java 20.0.2 on chedi-HP-15-Notebook-PC with PID 43111 (/home/chedi/Downloads/Backend-CRM-MS-ticket/target/classes started by chedi in /home/chedi/Downloads/Backend-CRM-MS-ticket)
2023-07-30 18:00:43.068  INFO 43111 --- [restartedMain] com.CRM.Backend.CrmApplication           : No active profile set, falling back to 1 default profile: "default"
2023-07-30 18:00:43.212  INFO 43111 --- [restartedMain] .e.DevToolsPropertyDefaultsPostProcessor : Devtools property defaults active! Set 'spring.devtools.add-properties' to 'false' to disable
2023-07-30 18:00:43.212  INFO 43111 --- [restartedMain] .e.DevToolsPropertyDefaultsPostProcessor : For additional web related logging consider setting the 'logging.level.web' property to 'DEBUG'
2023-07-30 18:00:45.169  INFO 43111 --- [restartedMain] .s.d.r.c.RepositoryConfigurationDelegate : Bootstrapping Spring Data JPA repositories in DEFAULT mode.
2023-07-30 18:00:45.199  INFO 43111 --- [restartedMain] .s.d.r.c.RepositoryConfigurationDelegate : Finished Spring Data repository scanning in 10 ms. Found 0 JPA repository interfaces.
2023-07-30 18:00:46.654  INFO 43111 --- [restartedMain] o.s.b.w.embedded.tomcat.TomcatWebServer  : Tomcat initialized with port(s): 9998 (http)
2023-07-30 18:00:46.674  INFO 43111 --- [restartedMain] o.apache.catalina.core.StandardService   : Starting service [Tomcat]
2023-07-30 18:00:46.675  INFO 43111 --- [restartedMain] org.apache.catalina.core.StandardEngine  : Starting Servlet engine: [Apache Tomcat/9.0.71]
2023-07-30 18:00:46.845  INFO 43111 --- [restartedMain] o.a.c.c.C.[.[localhost].[/BackendCRM]    : Initializing Spring embedded WebApplicationContext
2023-07-30 18:00:46.846  INFO 43111 --- [restartedMain] w.s.c.ServletWebServerApplicationContext : Root WebApplicationContext: initialization completed in 3633 ms
2023-07-30 18:00:47.462  INFO 43111 --- [restartedMain] o.hibernate.jpa.internal.util.LogHelper  : HHH000204: Processing PersistenceUnitInfo [name: default]
2023-07-30 18:00:47.601  INFO 43111 --- [restartedMain] org.hibernate.Version                    : HHH000412: Hibernate ORM core version 5.6.14.Final
2023-07-30 18:00:48.007  INFO 43111 --- [restartedMain] o.hibernate.annotations.common.Version   : HCANN000001: Hibernate Commons Annotations {5.1.2.Final}
2023-07-30 18:00:48.746  INFO 43111 --- [restartedMain] com.zaxxer.hikari.HikariDataSource       : HikariPool-1 - Starting...
2023-07-30 18:00:50.232  INFO 43111 --- [restartedMain] com.zaxxer.hikari.HikariDataSource       : HikariPool-1 - Start completed.
2023-07-30 18:00:50.261  INFO 43111 --- [restartedMain] org.hibernate.dialect.Dialect            : HHH000400: Using dialect: org.hibernate.dialect.PostgreSQLDialect
2023-07-30 18:00:52.813  INFO 43111 --- [restartedMain] o.h.e.t.j.p.i.JtaPlatformInitiator       : HHH000490: Using JtaPlatform implementation: [org.hibernate.engine.transaction.jta.platform.internal.NoJtaPlatform]
2023-07-30 18:00:52.829  INFO 43111 --- [restartedMain] j.LocalContainerEntityManagerFactoryBean : Initialized JPA EntityManagerFactory for persistence unit 'default'
2023-07-30 18:00:53.308  WARN 43111 --- [restartedMain] JpaBaseConfiguration$JpaWebConfiguration : spring.jpa.open-in-view is enabled by default. Therefore, database queries may be performed during view rendering. Explicitly configure spring.jpa.open-in-view to disable this warning
2023-07-30 18:00:53.828  INFO 43111 --- [restartedMain] o.s.b.d.a.OptionalLiveReloadServer       : LiveReload server is running on port 35729
2023-07-30 18:00:54.106  INFO 43111 --- [restartedMain] o.s.b.w.embedded.tomcat.TomcatWebServer  : Tomcat started on port(s): 9998 (http) with context path '/BackendCRM'
2023-07-30 18:00:54.395  INFO 43111 --- [restartedMain] com.CRM.Backend.CrmApplication           : Started CrmApplication in 12.281 seconds (JVM running for 14.036)
2023-07-30 18:13:48.908  INFO 43111 --- [SpringApplicationShutdownHook] j.LocalContainerEntityManagerFactoryBean : Closing JPA EntityManagerFactory for persistence unit 'default'
2023-07-30 18:13:48.915  INFO 43111 --- [SpringApplicationShutdownHook] com.zaxxer.hikari.HikariDataSource       : HikariPool-1 - Shutdown initiated...
2023-07-30 18:13:48.936  INFO 43111 --- [SpringApplicationShutdownHook] com.zaxxer.hikari.HikariDataSource       : HikariPool-1 - Shutdown completed.
